[debug] > Exec(early(addDefaultCommands), None, None)
[debug] > Exec(addDefaultCommands, None, None)
[debug] > Exec(early(initialize), None, None)
[debug] > Exec(initialize, None, None)
[debug] > Exec(early(addPluginSbtFile="""C:\Users\vineet.chauhan\AppData\Local\Temp\idea.sbt"""), None, None)
[debug] > Exec(addPluginSbtFile="""C:\Users\vineet.chauhan\AppData\Local\Temp\idea.sbt""", None, None)
[debug] > Exec(boot, None, None)
[debug] > Exec(writeSbtVersion, None, None)
[debug] > Exec(reload, None, None)
[debug] > Exec(sbtStashOnFailure, None, None)
[debug] > Exec(onFailure loadFailed, None, None)
[debug] > Exec(loadp, None, None)
[info] welcome to sbt 1.10.0 (Amazon.com Inc. Java 1.8.0_412)
[debug] Load.defaultLoad until apply took 123.0351ms
[debug]           Load.loadUnit: plugins took 108.0375ms
[debug]           Load.loadUnit: defsScala took 0.4263ms
[debug] [Loading] Scanning directory C:\Users\vineet.chauhan\Scala\Http4s-quick-start\project
[debug]             Load.loadUnit: mkEval took 11.5621ms
[debug] [Loading] Found non-root projects 
[debug] [Loading] Done in C:\Users\vineet.chauhan\Scala\Http4s-quick-start\project, returning: ()
[debug] deducing auto plugins based on known facts Set(Atom(sbt.plugins.CorePlugin)) and clauses Clauses(Clause(Atom(sbt.plugins.JvmPlugin),Set(Atom(sbt.plugins.IvyPlugin)))
[debug] Clause(Atom(sbt.ScriptedPlugin),Set(Atom(sbt.plugins.JvmPlugin)))
[debug] Clause(Atom(sbt.plugins.SbtPlugin),Set(Atom(sbt.ScriptedPlugin)))
[debug] Clause(Atom(sbt.plugins.SemanticdbPlugin),Set(Atom(sbt.plugins.JvmPlugin)))
[debug] Clause(Atom(sbt.plugins.JUnitXmlReportPlugin),Set(Atom(sbt.plugins.JvmPlugin)))
[debug] Clause(Atom(sbt.plugins.MiniDependencyTreePlugin),Set(Atom(sbt.plugins.JvmPlugin)))
[debug] Clause(Atom(sbt.plugins.CorePlugin),Set(Atom(sbt.plugins.IvyPlugin)))
[debug] Clause(Atom(sbt.plugins.IvyPlugin),Set(Atom(sbt.plugins.JvmPlugin)))
[debug] Clause(Atom(sbt.plugins.JvmPlugin),Set(Atom(sbt.plugins.SemanticdbPlugin)))
[debug] Clause(Atom(sbt.plugins.JvmPlugin),Set(Atom(sbt.plugins.JUnitXmlReportPlugin)))
[debug] Clause(Atom(sbt.plugins.CorePlugin),Set(Atom(sbt.plugins.Giter8TemplatePlugin)))
[debug] Clause(Atom(sbt.plugins.JvmPlugin),Set(Atom(sbt.plugins.MiniDependencyTreePlugin))))
[debug]   :: deduced result: Matched(sbt.plugins.CorePlugin,sbt.plugins.Giter8TemplatePlugin,sbt.plugins.IvyPlugin,sbt.plugins.JvmPlugin,sbt.plugins.MiniDependencyTreePlugin,sbt.plugins.JUnitXmlReportPlugin,sbt.plugins.SemanticdbPlugin)
[debug] Plugins.deducer#function took 19.5503 ms
[info] loading settings for project http4s-quick-start-build from plugins.sbt,idea.sbt ...
[debug]               Load.resolveProject(http4s-quick-start-build) took 62.2482ms
[debug]             Load.loadTransitive: finalizeProject(Project(id http4s-quick-start-build, base: C:\Users\vineet.chauhan\Scala\Http4s-quick-start\project, plugins: List(<none>))) took 91.726ms
[debug] [Loading] Done in C:\Users\vineet.chauhan\Scala\Http4s-quick-start\project, returning: (http4s-quick-start-build)
[debug]           Load.loadUnit: loadedProjectsRaw took 3857.4384ms
[debug]           Load.loadUnit: cleanEvalClasses took 10.0288ms
[debug]         Load.loadUnit(file:/C:/Users/vineet.chauhan/Scala/Http4s-quick-start/project/, ...) took 3983.4129ms
[debug]       Load.apply: load took 4119.5654ms
[debug]       Load.apply: resolveProjects took 7.4472ms
[debug]       Load.apply: finalTransforms took 67.2069ms
[debug]       Load.apply: config.delegates took 8.9503ms
[debug]       Load.apply: Def.make(settings)... took 563.9107ms
[debug]       Load.apply: structureIndex took 144.4933ms
[debug]       Load.apply: mkStreams took 2.6948ms
[info] loading project definition from C:\Users\vineet.chauhan\Scala\Http4s-quick-start\project
[debug] Running task... Cancel: Signal, check cycles: false, forcegc: true
[debug]     Load.loadUnit: plugins took 8177.7405ms
[debug]     Load.loadUnit: defsScala took 0.0037ms
[debug] [Loading] Scanning directory C:\Users\vineet.chauhan\Scala\Http4s-quick-start
[debug]       Load.loadUnit: mkEval took 0.3543ms
[debug] [Loading] Found root project root w/ remaining 
[debug] deducing auto plugins based on known facts Set(Atom(sbt.plugins.CorePlugin)) and clauses Clauses(Clause(Atom(sbt.plugins.JvmPlugin),Set(Atom(sbt.plugins.IvyPlugin)))
[debug] Clause(Atom(sbt.ScriptedPlugin),Set(Atom(sbt.plugins.JvmPlugin)))
[debug] Clause(Atom(sbt.plugins.SbtPlugin),Set(Atom(sbt.ScriptedPlugin)))
[debug] Clause(Atom(sbt.plugins.SemanticdbPlugin),Set(Atom(sbt.plugins.JvmPlugin)))
[debug] Clause(Atom(sbt.plugins.JUnitXmlReportPlugin),Set(Atom(sbt.plugins.JvmPlugin)))
[debug] Clause(Atom(sbt.plugins.MiniDependencyTreePlugin),Set(Atom(sbt.plugins.JvmPlugin)))
[debug] Clause(Atom(org.typelevel.sbt.tpolecat.TpolecatPlugin),Set(Atom(sbt.plugins.JvmPlugin)))
[debug] Clause(Atom(spray.revolver.RevolverPlugin),Set(Atom(sbt.plugins.JvmPlugin)))
[debug] Clause(Atom(sbtassembly.AssemblyPlugin),Set(Atom(sbt.plugins.JvmPlugin)))
[debug] Clause(Atom(org.jetbrains.sbt.StructurePlugin),Set(Atom(sbt.plugins.JvmPlugin)))
[debug] Clause(Atom(org.jetbrains.sbt.IdeaShellPlugin),Set(Atom(sbt.plugins.JvmPlugin)))
[debug] Clause(Atom(org.jetbrains.sbt.indices.SbtIntellijIndicesPlugin),Set(Atom(sbt.plugins.JvmPlugin)))
[debug] Clause(Atom(sbt.plugins.CorePlugin),Set(Atom(sbt.plugins.IvyPlugin)))
[debug] Clause(Atom(sbt.plugins.IvyPlugin),Set(Atom(sbt.plugins.JvmPlugin)))
[debug] Clause(Atom(sbt.plugins.JvmPlugin),Set(Atom(sbt.plugins.SemanticdbPlugin)))
[debug] Clause(Atom(sbt.plugins.JvmPlugin),Set(Atom(sbt.plugins.JUnitXmlReportPlugin)))
[debug] Clause(Atom(sbt.plugins.CorePlugin),Set(Atom(sbt.plugins.Giter8TemplatePlugin)))
[debug] Clause(Atom(sbt.plugins.JvmPlugin),Set(Atom(sbt.plugins.MiniDependencyTreePlugin)))
[debug] Clause(Atom(sbt.plugins.JvmPlugin),Set(Atom(org.typelevel.sbt.tpolecat.TpolecatPlugin)))
[debug] Clause(Atom(sbt.plugins.JvmPlugin),Set(Atom(spray.revolver.RevolverPlugin)))
[debug] Clause(Atom(sbt.plugins.JvmPlugin),Set(Atom(sbtassembly.AssemblyPlugin)))
[debug] Clause(Atom(sbt.plugins.JvmPlugin),Set(Atom(org.jetbrains.sbt.StructurePlugin)))
[debug] Clause(Atom(sbt.plugins.JvmPlugin),Set(Atom(org.jetbrains.sbt.IdeaShellPlugin)))
[debug] Clause(And(Set(Atom(sbt.plugins.CorePlugin), Atom(sbt.plugins.JvmPlugin))),Set(Atom(org.jetbrains.sbt.indices.SbtIntellijIndicesPlugin))))
[debug]   :: deduced result: Matched(sbt.plugins.CorePlugin,sbt.plugins.Giter8TemplatePlugin,sbt.plugins.IvyPlugin,sbt.plugins.JvmPlugin,org.typelevel.sbt.tpolecat.TpolecatPlugin,sbt.plugins.SemanticdbPlugin,org.jetbrains.sbt.indices.SbtIntellijIndicesPlugin,sbt.plugins.JUnitXmlReportPlugin,sbtassembly.AssemblyPlugin,org.jetbrains.sbt.IdeaShellPlugin,org.jetbrains.sbt.StructurePlugin,spray.revolver.RevolverPlugin,sbt.plugins.MiniDependencyTreePlugin)
[debug] Plugins.deducer#function took 5.1117 ms
[info] loading settings for project root from build.sbt ...
[debug]         Load.resolveProject(root) took 89.6068ms
[debug]       Load.loadTransitive: finalizeProject(Project(id root, base: C:\Users\vineet.chauhan\Scala\Http4s-quick-start, plugins: List(<none>))) took 97.6454ms
[debug] [Loading] Done in C:\Users\vineet.chauhan\Scala\Http4s-quick-start, returning: (root)
[debug]     Load.loadUnit: loadedProjectsRaw took 2021.6036ms
[debug]     Load.loadUnit: cleanEvalClasses took 11.2397ms
[debug]   Load.loadUnit(file:/C:/Users/vineet.chauhan/Scala/Http4s-quick-start/, ...) took 10212.4448ms
[debug] Load.apply: load took 10235.4381ms
[debug] Load.apply: resolveProjects took 0.3759ms
[debug] Load.apply: finalTransforms took 101.6364ms
[debug] Load.apply: config.delegates took 0.4863ms
[debug] Load.apply: Def.make(settings)... took 296.4808ms
[debug] Load.apply: structureIndex took 74.3685ms
[debug] Load.apply: mkStreams took 0.003ms
[info] set current project to quickstart (in build file:/C:/Users/vineet.chauhan/Scala/Http4s-quick-start/)
[debug] > Exec(sbtPopOnFailure, None, None)
[debug] > Exec(resumeFromFailure, None, None)
[debug] > Exec(notifyUsersAboutShell, None, None)
[debug] > Exec(iflast shell, None, None)
[debug] > Exec(; set ideaPort in Global := 49275 ; idea-shell, None, None)
[debug] > Exec(set ideaPort in Global := 49275, None, None)
[info] Defining Global / ideaPort
[info] The new value will be used by no settings or tasks.
[debug] Defining 
[debug] 	Global / ideaPort
[debug] 
[debug] The new value will be used by no settings or tasks.
[info] Reapplying settings...
[info] set current project to quickstart (in build file:/C:/Users/vineet.chauhan/Scala/Http4s-quick-start/)
[debug] > Exec(idea-shell, None, None)
